<?xml version="1.0" encoding="utf-8"?><testsuites name="pytest tests"><testsuite name="pytest" errors="0" failures="1" skipped="0" tests="29" time="3.070" timestamp="2026-09-15T07:11:42.696517+00:00" hostname="agent-env-5d37d479-3353-47dd-a306-6fab517e5596"><testcase classname="tests.test_eizicut_migration.TestAdminGuards" name="test_create_personnel_no_token" time="0.497" /><testcase classname="tests.test_eizicut_migration.TestPersonnelLifecycle" name="test_a_create" time="0.592" /><testcase classname="tests.test_eizicut_migration.TestAdminGuards" name="test_patch_personnel_no_token" time="0.039" /><testcase classname="tests.test_eizicut_migration.TestAdminGuards" name="test_delete_personnel_no_token" time="0.038" /><testcase classname="tests.test_eizicut_migration.TestAdminGuards" name="test_add_leave_no_token" time="0.079" /><testcase classname="tests.test_eizicut_migration.TestPersonnelLifecycle" name="test_b_list_contains" time="0.037" /><testcase classname="tests.test_eizicut_migration.TestPersonnelLifecycle" name="test_c_get_detail" time="0.079" /><testcase classname="tests.test_eizicut_migration.TestAdminGuards" name="test_patch_leave_no_token" time="0.039" /><testcase classname="tests.test_eizicut_migration.TestAdminGuards" name="test_delete_leave_no_token" time="0.081" /><testcase classname="tests.test_eizicut_migration.TestPersonnelLifecycle" name="test_d_patch" time="0.033" /><testcase classname="tests.test_eizicut_migration.TestPersonnelLifecycle" name="test_e_add_leave" time="0.083" /><testcase classname="tests.test_eizicut_migration.TestAdminGuards" name="test_import_no_token" time="0.136" /><testcase classname="tests.test_eizicut_migration.TestPersonnelLifecycle" name="test_f_add_invalid_leave_type" time="0.032" /><testcase classname="tests.test_eizicut_migration.TestPersonnelLifecycle" name="test_g_patch_leave" time="0.112" /><testcase classname="tests.test_eizicut_migration.TestAdminGuards" name="test_invalid_token" time="0.041" /><testcase classname="tests.test_eizicut_migration.TestAuth" name="test_login_bad_password" time="0.302" /><testcase classname="tests.test_eizicut_migration.TestPersonnelLifecycle" name="test_h_years_and_satfung_populated" time="0.280" /><testcase classname="tests.test_eizicut_migration.TestPersonnelLifecycle" name="test_i_stats_and_recap" time="0.271" /><testcase classname="tests.test_eizicut_migration.TestAuth" name="test_auth_me" time="0.304" /><testcase classname="tests.test_eizicut_migration.TestPersonnelLifecycle" name="test_j_delete_leave" time="0.344" /><testcase classname="tests.test_eizicut_migration.TestAuth" name="test_auth_me_no_token" time="0.038" /><testcase classname="tests.test_eizicut_migration.TestAuth" name="test_change_password_wrong_old" time="0.304" /><testcase classname="tests.test_eizicut_migration.TestPersonnelLifecycle" name="test_k_soft_delete_personnel" time="0.343" /><testcase classname="tests.test_eizicut_migration.TestAuth" name="test_change_password_same_as_old" time="0.262" /><testcase classname="tests.test_eizicut_migration.TestAuth" name="test_change_password_too_short" time="0.309" /><testcase classname="tests.test_eizicut_migration.TestMeta" name="test_leave_types" time="0.226" /><testcase classname="tests.test_eizicut_migration.TestMeta" name="test_template_download_requires_admin" time="0.105"><failure message="assert 200 == 401&#10; +  where 200 = &lt;Response [200]&gt;.status_code">backend/tests/test_eizicut_migration.py:100: in test_template_download_requires_admin
    assert r.status_code == 401
E   assert 200 == 401
E    +  where 200 = &lt;Response [200]&gt;.status_code</failure></testcase><testcase classname="tests.test_eizicut_migration.TestNoPasswordChange" name="test_password_is_still_the_original" time="0.266" /><testcase classname="tests.test_eizicut_migration.TestMeta" name="test_template_download_ok" time="0.192" /></testsuite></testsuites>