<?xml version="1.0" encoding="utf-8"?><testsuites name="pytest tests"><testsuite name="pytest" errors="0" failures="0" skipped="0" tests="10" time="4.711" timestamp="2026-09-15T05:55:28.719860+00:00" hostname="agent-env-149c4746-a776-4994-92c3-82911eba89db"><testcase classname="tests.test_iteration2.TestRecap" name="test_recap_2025_shape" time="0.302" /><testcase classname="tests.test_iteration2.TestRecap" name="test_recap_scoped_by_satfung" time="0.343" /><testcase classname="tests.test_iteration2.TestJenisFilter" name="test_filter_returns_only_matching[CUTI_BEROBAT]" time="0.097" /><testcase classname="tests.test_iteration2.TestJenisFilter" name="test_filter_returns_only_matching[CUTI_IBADAH_UMROH]" time="0.083" /><testcase classname="tests.test_iteration2.TestJenisFilter" name="test_filter_returns_only_matching[IZIN]" time="0.130" /><testcase classname="tests.test_iteration2.TestJenisFilter" name="test_filter_returns_only_matching[EMERGENCY]" time="0.075" /><testcase classname="tests.test_iteration2.TestJenisFilter" name="test_no_jenis_returns_more_or_equal" time="0.209" /><testcase classname="tests.test_iteration2.TestChangePassword" name="test_change_password_flow" time="2.590" /><testcase classname="tests.test_iteration2.TestChangePassword" name="test_login_still_works" time="0.298" /><testcase classname="tests.test_iteration2.TestNewYear" name="test_create_personnel_new_year" time="0.507" /></testsuite></testsuites>