<?xml version="1.0" encoding="utf-8"?><testsuites name="pytest tests"><testsuite name="pytest" errors="0" failures="2" skipped="0" tests="20" time="2.097" timestamp="2026-09-08T05:01:02.418773+00:00" hostname="agent-env-149c4746-a776-4994-92c3-82911eba89db"><testcase classname="tests.test_eizicut_api.TestPublicMeta" name="test_root" time="0.316" /><testcase classname="tests.test_eizicut_api.TestAdminCRUD" name="test_a_create_personnel" time="0.470" /><testcase classname="tests.test_eizicut_api.TestPublicMeta" name="test_years" time="0.220" /><testcase classname="tests.test_eizicut_api.TestAdminCRUD" name="test_b_patch_personnel" time="0.127" /><testcase classname="tests.test_eizicut_api.TestPublicMeta" name="test_satfung_2025" time="0.113" /><testcase classname="tests.test_eizicut_api.TestAdminCRUD" name="test_c_add_leave" time="0.234" /><testcase classname="tests.test_eizicut_api.TestPublicMeta" name="test_stats_2025" time="0.095"><failure message="assert 712 == 711">backend/tests/test_eizicut_api.py:58: in test_stats_2025
    assert d["total_personil"] == 711
E   assert 712 == 711</failure></testcase><testcase classname="tests.test_eizicut_api.TestPublicMeta" name="test_stats_2026_zero_leaves" time="0.131" /><testcase classname="tests.test_eizicut_api.TestAdminCRUD" name="test_c2_add_leave_invalid_type" time="0.073" /><testcase classname="tests.test_eizicut_api.TestPublicMeta" name="test_leave_types" time="0.066"><failure message="AssertionError: assert 7 == 5&#10; +  where 7 = len(['IZIN', 'EMERGENCY', 'CUTI_TAHUNAN', 'CUTI_BEROBAT', 'CUTI_IBADAH_UMROH', 'CUTI_IBADAH_HAJI', ...])">backend/tests/test_eizicut_api.py:74: in test_leave_types
    assert len(keys) == 5
E   AssertionError: assert 7 == 5
E    +  where 7 = len(['IZIN', 'EMERGENCY', 'CUTI_TAHUNAN', 'CUTI_BEROBAT', 'CUTI_IBADAH_UMROH', 'CUTI_IBADAH_HAJI', ...])</failure></testcase><testcase classname="tests.test_eizicut_api.TestAdminCRUD" name="test_d_update_leave" time="0.203" /><testcase classname="tests.test_eizicut_api.TestPersonnelPublic" name="test_search_by_name" time="0.109" /><testcase classname="tests.test_eizicut_api.TestPersonnelPublic" name="test_detail" time="0.201" /><testcase classname="tests.test_eizicut_api.TestAdminCRUD" name="test_e_delete_leave" time="0.197" /><testcase classname="tests.test_eizicut_api.TestPersonnelPublic" name="test_detail_not_found" time="0.069" /><testcase classname="tests.test_eizicut_api.TestAdminCRUD" name="test_f_delete_personnel" time="0.220" /><testcase classname="tests.test_eizicut_api.TestAuth" name="test_login_ok" time="0.111" /><testcase classname="tests.test_eizicut_api.TestAuth" name="test_login_wrong_password" time="0.110" /><testcase classname="tests.test_eizicut_api.TestTemplate" name="test_template_returns_xlsx" time="0.092" /><testcase classname="tests.test_eizicut_api.TestAuth" name="test_admin_endpoints_require_token" time="0.200" /></testsuite></testsuites>